<?xml version="1.0" encoding="UTF-8"?>
<!-- Generated by org.testng.reporters.JUnitXMLReporter -->
<testsuite ignored="0" hostname="LAPTOP-5KMFOFH9" failures="0" tests="2" name="Default test" time="20.322" errors="0" timestamp="2023-09-01T11:51:29 IST">
  <testcase classname="com.SwagLabs.TestCase.OverviewPageTestCase" name="verifyProductDetails" time="0.063"/>
  <testcase classname="com.SwagLabs.TestCase.OverviewPageTestCase" name="verifyFinish" time="0.136"/>
</testsuite> <!-- Default test -->
