<?xml version="1.0" encoding="UTF-8"?>
<testng-results ignored="0" total="2" passed="2" failed="0" skipped="0">
  <reporter-output>
  </reporter-output>
  <suite started-at="2023-09-11T11:11:59 IST" name="Suite" finished-at="2023-09-11T11:12:24 IST" duration-ms="24913">
    <groups>
    </groups>
    <test started-at="2023-09-11T11:11:59 IST" name="Test" finished-at="2023-09-11T11:12:24 IST" duration-ms="24913">
      <class name="com.SwagLabs.TestCase.OverviewPageTestCase">
        <test-method is-config="true" signature="setUp()[pri:0, instance:com.SwagLabs.TestCase.OverviewPageTestCase@60bd273d]" started-at="2023-09-11T11:11:59 IST" name="setUp" finished-at="2023-09-11T11:12:06 IST" duration-ms="7603" status="PASS">
          <reporter-output>
          </reporter-output>
        </test-method> <!-- setUp -->
        <test-method is-config="true" signature="pageSetUp()[pri:0, instance:com.SwagLabs.TestCase.OverviewPageTestCase@60bd273d]" started-at="2023-09-11T11:12:06 IST" name="pageSetUp" finished-at="2023-09-11T11:12:23 IST" duration-ms="17095" status="PASS">
          <reporter-output>
          </reporter-output>
        </test-method> <!-- pageSetUp -->
        <test-method signature="verifyProductDetails()[pri:1, instance:com.SwagLabs.TestCase.OverviewPageTestCase@60bd273d]" started-at="2023-09-11T11:12:23 IST" name="verifyProductDetails" finished-at="2023-09-11T11:12:23 IST" duration-ms="35" status="PASS">
          <reporter-output>
          </reporter-output>
        </test-method> <!-- verifyProductDetails -->
        <test-method signature="verifyFinish()[pri:2, instance:com.SwagLabs.TestCase.OverviewPageTestCase@60bd273d]" started-at="2023-09-11T11:12:23 IST" name="verifyFinish" finished-at="2023-09-11T11:12:24 IST" duration-ms="118" status="PASS">
          <reporter-output>
          </reporter-output>
        </test-method> <!-- verifyFinish -->
      </class> <!-- com.SwagLabs.TestCase.OverviewPageTestCase -->
    </test> <!-- Test -->
  </suite> <!-- Suite -->
</testng-results>
